TN:
SF:src/components/ActivityBadge.tsx
FN:24,scoreColor
FN:32,ActivityBadge
FNF:2
FNH:2
FNDA:140,scoreColor
FNDA:70,ActivityBadge
DA:1,1
DA:2,1
DA:3,1
DA:4,1
DA:5,1
DA:6,1
DA:7,1
DA:8,1
DA:9,1
DA:10,1
DA:11,1
DA:12,1
DA:13,1
DA:14,1
DA:15,1
DA:16,1
DA:17,1
DA:18,1
DA:19,1
DA:20,1
DA:21,1
DA:22,1
DA:23,1
DA:24,140
DA:25,140
DA:26,140
DA:27,140
DA:28,140
DA:29,58
DA:30,58
DA:31,1
DA:32,70
DA:33,70
DA:34,70
DA:35,70
DA:36,70
DA:37,70
DA:38,70
DA:39,70
DA:40,70
DA:41,70
DA:42,70
DA:43,70
DA:44,70
DA:45,70
DA:46,70
DA:47,70
DA:48,70
DA:49,70
DA:50,70
LF:50
LH:50
BRDA:24,0,0,140
BRDA:25,1,0,32
BRDA:25,2,0,108
BRDA:26,3,0,4
BRDA:26,4,0,104
BRDA:27,5,0,46
BRDA:27,6,0,58
BRDA:28,7,0,0
BRDA:28,8,0,58
BRDA:32,9,0,70
BRF:10
BRH:9
end_of_record
TN:
SF:src/components/ActivitySummary.tsx
FN:22,bestDay
FN:27,forecast.reduce.day
FN:35,formatDay
FN:44,scoreColor
FN:52,ActivitySummary
FNF:5
FNH:5
FNDA:40,bestDay
FNDA:256,forecast.reduce.day
FNDA:40,formatDay
FNDA:40,scoreColor
FNDA:10,ActivitySummary
DA:1,1
DA:2,1
DA:3,1
DA:4,1
DA:5,1
DA:6,1
DA:7,1
DA:8,1
DA:9,1
DA:10,1
DA:11,1
DA:12,1
DA:13,1
DA:14,1
DA:15,1
DA:16,1
DA:17,1
DA:18,1
DA:19,1
DA:20,1
DA:21,1
DA:22,40
DA:23,40
DA:24,40
DA:25,40
DA:26,40
DA:27,40
DA:28,256
DA:29,256
DA:30,256
DA:31,40
DA:32,40
DA:33,40
DA:34,1
DA:35,40
DA:36,40
DA:37,40
DA:38,40
DA:39,40
DA:40,40
DA:41,40
DA:42,40
DA:43,1
DA:44,40
DA:45,40
DA:46,40
DA:47,2
DA:48,0
DA:49,0
DA:50,0
DA:51,1
DA:52,10
DA:53,10
DA:54,10
DA:55,10
DA:56,10
DA:57,10
DA:58,40
DA:59,40
DA:60,40
DA:61,40
DA:62,40
DA:63,40
DA:64,40
DA:65,40
DA:66,40
DA:67,40
DA:68,40
DA:69,40
DA:70,40
DA:71,40
DA:72,40
DA:73,40
DA:74,10
DA:75,10
DA:76,10
DA:77,10
DA:78,10
LF:78
LH:75
BRDA:22,0,0,40
BRDA:27,1,0,256
BRDA:29,2,0,27
BRDA:29,3,0,229
BRDA:35,4,0,40
BRDA:44,5,0,40
BRDA:45,6,0,27
BRDA:45,7,0,13
BRDA:46,8,0,11
BRDA:46,9,0,2
BRDA:47,10,0,0
BRDA:52,11,0,10
BRDA:57,12,0,40
BRF:13
BRH:12
end_of_record
TN:
SF:src/components/DayCard.tsx
FN:20,weatherIcon
FN:24,formatDate
FN:32,DayCard
FNF:3
FNH:3
FNDA:14,weatherIcon
FNDA:14,formatDate
FNDA:14,DayCard
DA:1,1
DA:2,1
DA:3,1
DA:4,1
DA:5,1
DA:6,1
DA:7,1
DA:8,1
DA:9,1
DA:10,1
DA:11,1
DA:12,1
DA:13,1
DA:14,1
DA:15,1
DA:16,1
DA:17,1
DA:18,1
DA:19,1
DA:20,14
DA:21,14
DA:22,14
DA:23,1
DA:24,14
DA:25,14
DA:26,14
DA:27,14
DA:28,14
DA:29,14
DA:30,14
DA:31,1
DA:32,14
DA:33,14
DA:34,14
DA:35,14
DA:36,14
DA:37,14
DA:38,14
DA:39,14
DA:40,14
DA:41,14
DA:42,14
DA:43,14
DA:44,14
DA:45,14
DA:46,14
DA:47,14
DA:48,14
DA:49,14
DA:50,14
DA:51,1
DA:52,14
DA:53,14
DA:54,1
DA:55,14
DA:56,14
DA:57,14
DA:58,14
DA:59,14
DA:60,14
DA:61,14
DA:62,14
DA:63,14
DA:64,14
DA:65,14
DA:66,14
DA:67,14
LF:67
LH:67
BRDA:20,0,0,14
BRDA:21,1,0,0
BRDA:24,2,0,14
BRDA:32,3,0,14
BRDA:50,4,0,1
BRDA:53,5,0,1
BRF:6
BRH:5
end_of_record
TN:
SF:src/components/SearchBar.tsx
FN:10,SearchBar
FN:16,handleKeyDown
FN:27,onChange
FNF:3
FNH:3
FNDA:11,SearchBar
FNDA:3,handleKeyDown
FNDA:1,onChange
DA:1,1
DA:2,1
DA:3,1
DA:4,1
DA:5,1
DA:6,1
DA:7,1
DA:8,1
DA:9,1
DA:10,11
DA:11,11
DA:12,11
DA:13,11
DA:14,11
DA:15,11
DA:16,11
DA:17,3
DA:18,3
DA:19,11
DA:20,11
DA:21,11
DA:22,11
DA:23,11
DA:24,11
DA:25,11
DA:26,11
DA:27,11
DA:28,11
DA:29,11
DA:30,11
DA:31,11
DA:32,11
DA:33,11
DA:34,11
DA:35,11
DA:36,11
DA:37,11
DA:38,11
DA:39,11
DA:40,11
DA:41,11
LF:41
LH:41
BRDA:10,0,0,11
BRDA:35,1,0,9
BRDA:37,2,0,2
BRDA:37,3,0,9
BRDA:16,4,0,3
BRDA:17,5,0,1
BRDA:27,6,0,1
BRF:7
BRH:7
end_of_record
